<?xml version="1.0" encoding="UTF-8"?>
<testsuite xmlns:xsi="http://www.w3.org/2001/XMLSchema-instance" xsi:noNamespaceSchemaLocation="https://maven.apache.org/surefire/maven-surefire-plugin/xsd/surefire-test-report-3.0.xsd" version="3.0" name="com.pinsoft.budgettrackerbe.BudgetTrackerBeApplicationTests" time="25.292" tests="1" errors="0" skipped="0" failures="0">
  <properties>
[...]
</properties>
  <testcase name="contextLoads" classname="com.pinsoft.budgettrackerbe.BudgetTrackerBeApplicationTests" time="0.544">
    <system-out><![CDATA[13:49:51.247 [main] INFO org.springframework.test.context.support.AnnotationConfigContextLoaderUtils -- Could not detect default configuration classes for test class [com.pinsoft.budgettrackerbe.BudgetTrackerBeApplicationTests]: BudgetTrackerBeApplicationTests does not declare any static, non-private, non-final, nested classes annotated with @Configuration.
13:49:51.374 [main] INFO org.springframework.boot.test.context.SpringBootTestContextBootstrapper -- Found @SpringBootConfiguration com.pinsoft.budgettrackerbe.BudgetTrackerBeApplication for test class com.pinsoft.budgettrackerbe.BudgetTrackerBeApplicationTests
13:49:51.616 [main] INFO org.springframework.boot.devtools.restart.RestartApplicationListener -- Restart disabled due to context in which it is running

  .   ____          _            __ _ _
 /\\ / ___'_ __ _ _(_)_ __  __ _ \ \ \ \
( ( )\___ | '_ | '_| | '_ \/ _` | \ \ \ \
 \\/  ___)| |_)| | | | | || (_| |  ) ) ) )
  '  |____| .__|_| |_|_| |_\__, | / / / /
 =========|_|==============|___/=/_/_/_/
 :: Spring Boot ::                (v3.1.5)

2023-11-22T13:49:51.892+03:00  INFO 20428 --- [           main] c.p.b.BudgetTrackerBeApplicationTests    : Starting BudgetTrackerBeApplicationTests using Java 17.0.8 with PID 20428 (started by ATA in C:\pinsoft_projects\budget-tracker-be)
2023-11-22T13:49:51.894+03:00  INFO 20428 --- [           main] c.p.b.BudgetTrackerBeApplicationTests    : No active profile set, falling back to 1 default profile: "default"
2023-11-22T13:49:52.832+03:00  INFO 20428 --- [           main] .s.d.r.c.RepositoryConfigurationDelegate : Bootstrapping Spring Data JPA repositories in DEFAULT mode.
2023-11-22T13:49:52.900+03:00  INFO 20428 --- [           main] .s.d.r.c.RepositoryConfigurationDelegate : Finished Spring Data repository scanning in 61 ms. Found 3 JPA repository interfaces.
2023-11-22T13:49:53.438+03:00  INFO 20428 --- [           main] com.zaxxer.hikari.HikariDataSource       : HikariPool-1 - Starting...
2023-11-22T13:49:55.966+03:00  INFO 20428 --- [           main] com.zaxxer.hikari.pool.HikariPool        : HikariPool-1 - Added connection org.postgresql.jdbc.PgConnection@dbddbe3
2023-11-22T13:49:55.968+03:00  INFO 20428 --- [           main] com.zaxxer.hikari.HikariDataSource       : HikariPool-1 - Start completed.
2023-11-22T13:49:57.267+03:00  INFO 20428 --- [           main] liquibase.database                       : Set default schema name to public
2023-11-22T13:50:00.993+03:00  INFO 20428 --- [           main] liquibase.executor                       : Changelog query completed.
2023-11-22T13:50:01.413+03:00  INFO 20428 --- [           main] liquibase.executor                       : Changelog query completed.
2023-11-22T13:50:01.840+03:00  INFO 20428 --- [           main] liquibase.executor                       : Changelog query completed.
2023-11-22T13:50:02.266+03:00  INFO 20428 --- [           main] liquibase.executor                       : Changelog query completed.
2023-11-22T13:50:02.481+03:00  INFO 20428 --- [           main] liquibase.executor                       : Changelog query completed.
2023-11-22T13:50:02.694+03:00  INFO 20428 --- [           main] liquibase.lockservice                    : Successfully acquired change log lock
2023-11-22T13:50:03.132+03:00  INFO 20428 --- [           main] liquibase.changelog                      : Creating database history table with name: public.databasechangelog
2023-11-22T13:50:03.355+03:00  INFO 20428 --- [           main] liquibase.executor                       : Changelog query completed.
2023-11-22T13:50:03.785+03:00  INFO 20428 --- [           main] liquibase.changelog                      : Reading from public.databasechangelog
2023-11-22T13:50:04.009+03:00  INFO 20428 --- [           main] liquibase.executor                       : Changelog query completed.
2023-11-22T13:50:04.666+03:00  INFO 20428 --- [           main] liquibase.executor                       : Changelog query completed.
Running Changeset: db/changelog/users.xml::20231114-1::ata
2023-11-22T13:50:05.786+03:00  INFO 20428 --- [           main] liquibase.changelog                      : Table users created
2023-11-22T13:50:06.015+03:00  INFO 20428 --- [           main] liquibase.changelog                      : ChangeSet db/changelog/users.xml::20231114-1::ata ran successfully in 896ms
2023-11-22T13:50:06.250+03:00  INFO 20428 --- [           main] liquibase.executor                       : Changelog query completed.
2023-11-22T13:50:06.473+03:00  INFO 20428 --- [           main] liquibase.executor                       : Changelog query completed.
Running Changeset: db/changelog/expenses.xml::20231114-3::ata
2023-11-22T13:50:07.154+03:00  INFO 20428 --- [           main] liquibase.changelog                      : Table expenses created
2023-11-22T13:50:07.370+03:00  INFO 20428 --- [           main] liquibase.changelog                      : ChangeSet db/changelog/expenses.xml::20231114-3::ata ran successfully in 680ms
2023-11-22T13:50:07.583+03:00  INFO 20428 --- [           main] liquibase.executor                       : Changelog query completed.
Running Changeset: db/changelog/incomes.xml::20231114-2::ata
2023-11-22T13:50:08.232+03:00  INFO 20428 --- [           main] liquibase.changelog                      : Table incomes created
2023-11-22T13:50:08.449+03:00  INFO 20428 --- [           main] liquibase.changelog                      : ChangeSet db/changelog/incomes.xml::20231114-2::ata ran successfully in 646ms
2023-11-22T13:50:08.666+03:00  INFO 20428 --- [           main] liquibase.executor                       : Changelog query completed.
2023-11-22T13:50:08.875+03:00  INFO 20428 --- [           main] liquibase                                : Update command completed successfully.
2023-11-22T13:50:09.299+03:00  INFO 20428 --- [           main] liquibase.executor                       : Changelog query completed.
2023-11-22T13:50:09.524+03:00  INFO 20428 --- [           main] liquibase.lockservice                    : Successfully released change log lock
2023-11-22T13:50:10.062+03:00  INFO 20428 --- [           main] o.hibernate.jpa.internal.util.LogHelper  : HHH000204: Processing PersistenceUnitInfo [name: default]
2023-11-22T13:50:10.175+03:00  INFO 20428 --- [           main] org.hibernate.Version                    : HHH000412: Hibernate ORM core version 6.2.13.Final
2023-11-22T13:50:10.179+03:00  INFO 20428 --- [           main] org.hibernate.cfg.Environment            : HHH000406: Using bytecode reflection optimizer
2023-11-22T13:50:10.608+03:00  INFO 20428 --- [           main] o.s.o.j.p.SpringPersistenceUnitInfo      : No LoadTimeWeaver setup: ignoring JPA class transformer
2023-11-22T13:50:10.909+03:00  WARN 20428 --- [           main] org.hibernate.orm.deprecation            : HHH90000025: PostgreSQLDialect does not need to be specified explicitly using 'hibernate.dialect' (remove the property setting and it will be selected by default)
2023-11-22T13:50:12.289+03:00  INFO 20428 --- [           main] o.h.e.t.j.p.i.JtaPlatformInitiator       : HHH000489: No JTA platform available (set 'hibernate.transaction.jta.platform' to enable JTA platform integration)
2023-11-22T13:50:14.527+03:00  INFO 20428 --- [           main] j.LocalContainerEntityManagerFactoryBean : Initialized JPA EntityManagerFactory for persistence unit 'default'
2023-11-22T13:50:14.855+03:00  WARN 20428 --- [           main] JpaBaseConfiguration$JpaWebConfiguration : spring.jpa.open-in-view is enabled by default. Therefore, database queries may be performed during view rendering. Explicitly configure spring.jpa.open-in-view to disable this warning
2023-11-22T13:50:15.785+03:00  INFO 20428 --- [           main] c.p.b.BudgetTrackerBeApplicationTests    : Started BudgetTrackerBeApplicationTests in 24.185 seconds (process running for 25.365)
]]></system-out>
  </testcase>
</testsuite>